2019-04-10 02:30:11
2019-04-10 02:31:19
2019-04-10 02:32:04
2019-04-10 02:33:32
2019-04-10 02:33:58
2019-04-10 02:36:29
2019-04-10 02:46:29<xml><ToUserName><![CDATA[gh_c5cc62e6fb85]]></ToUserName>
<FromUserName><![CDATA[o4ekM6MX0DCu_8fmTXaECirRFjjc]]></FromUserName>
<CreateTime>1554864389</CreateTime>
<MsgType><![CDATA[event]]></MsgType>
<Event><![CDATA[unsubscribe]]></Event>
<EventKey><![CDATA[]]></EventKey>
</xml>
2019-04-10 10:55:27<xml><ToUserName><![CDATA[gh_c5cc62e6fb85]]></ToUserName>
<FromUserName><![CDATA[o4ekM6MX0DCu_8fmTXaECirRFjjc]]></FromUserName>
<CreateTime>1554864927</CreateTime>
<MsgType><![CDATA[event]]></MsgType>
<Event><![CDATA[subscribe]]></Event>
<EventKey><![CDATA[]]></EventKey>
</xml>
2019-04-10 10:58:01<xml><ToUserName><![CDATA[gh_c5cc62e6fb85]]></ToUserName>
<FromUserName><![CDATA[o4ekM6MX0DCu_8fmTXaECirRFjjc]]></FromUserName>
<CreateTime>1554865081</CreateTime>
<MsgType><![CDATA[event]]></MsgType>
<Event><![CDATA[unsubscribe]]></Event>
<EventKey><![CDATA[]]></EventKey>
</xml>
2019-04-10 11:45:00
2019-04-10 11:46:20
2019-04-10 11:46:57
2019-04-10 11:47:18
2019-04-10 11:48:28<xml><ToUserName><![CDATA[gh_c5cc62e6fb85]]></ToUserName>
<FromUserName><![CDATA[o4ekM6MX0DCu_8fmTXaECirRFjjc]]></FromUserName>
<CreateTime>1554868108</CreateTime>
<MsgType><![CDATA[event]]></MsgType>
<Event><![CDATA[subscribe]]></Event>
<EventKey><![CDATA[]]></EventKey>
</xml>
2019-04-10 11:48:45
2019-04-10 11:50:03<xml><ToUserName><![CDATA[gh_c5cc62e6fb85]]></ToUserName>
<FromUserName><![CDATA[o4ekM6MX0DCu_8fmTXaECirRFjjc]]></FromUserName>
<CreateTime>1554868203</CreateTime>
<MsgType><![CDATA[event]]></MsgType>
<Event><![CDATA[unsubscribe]]></Event>
<EventKey><![CDATA[]]></EventKey>
</xml>
2019-04-10 11:50:17<xml><ToUserName><![CDATA[gh_c5cc62e6fb85]]></ToUserName>
<FromUserName><![CDATA[o4ekM6MX0DCu_8fmTXaECirRFjjc]]></FromUserName>
<CreateTime>1554868217</CreateTime>
<MsgType><![CDATA[event]]></MsgType>
<Event><![CDATA[subscribe]]></Event>
<EventKey><![CDATA[]]></EventKey>
</xml>
2019-04-10 11:53:39<xml><ToUserName><![CDATA[gh_c5cc62e6fb85]]></ToUserName>
<FromUserName><![CDATA[o4ekM6MX0DCu_8fmTXaECirRFjjc]]></FromUserName>
<CreateTime>1554868419</CreateTime>
<MsgType><![CDATA[event]]></MsgType>
<Event><![CDATA[unsubscribe]]></Event>
<EventKey><![CDATA[]]></EventKey>
</xml>
2019-04-10 11:53:56<xml><ToUserName><![CDATA[gh_c5cc62e6fb85]]></ToUserName>
<FromUserName><![CDATA[o4ekM6MX0DCu_8fmTXaECirRFjjc]]></FromUserName>
<CreateTime>1554868435</CreateTime>
<MsgType><![CDATA[event]]></MsgType>
<Event><![CDATA[subscribe]]></Event>
<EventKey><![CDATA[]]></EventKey>
</xml>
2019-04-10 11:54:31<xml><ToUserName><![CDATA[gh_c5cc62e6fb85]]></ToUserName>
<FromUserName><![CDATA[o4ekM6MX0DCu_8fmTXaECirRFjjc]]></FromUserName>
<CreateTime>1554868435</CreateTime>
<MsgType><![CDATA[event]]></MsgType>
<Event><![CDATA[subscribe]]></Event>
<EventKey><![CDATA[]]></EventKey>
</xml>
2019-04-10 11:54:56<xml><ToUserName><![CDATA[gh_c5cc62e6fb85]]></ToUserName>
<FromUserName><![CDATA[o4ekM6MX0DCu_8fmTXaECirRFjjc]]></FromUserName>
<CreateTime>1554868435</CreateTime>
<MsgType><![CDATA[event]]></MsgType>
<Event><![CDATA[subscribe]]></Event>
<EventKey><![CDATA[]]></EventKey>
</xml>
2019-04-10 11:55:11<xml><ToUserName><![CDATA[gh_c5cc62e6fb85]]></ToUserName>
<FromUserName><![CDATA[o4ekM6MX0DCu_8fmTXaECirRFjjc]]></FromUserName>
<CreateTime>1554868435</CreateTime>
<MsgType><![CDATA[event]]></MsgType>
<Event><![CDATA[subscribe]]></Event>
<EventKey><![CDATA[]]></EventKey>
</xml>
2019-04-10 11:55:31<xml>
<ToUserName><![CDATA[gh_c5cc62e6fb85]]></ToUserName>
<FromUserName><![CDATA[o4ekM6MX0DCu_8fmTXaECirRFjjc]]></FromUserName>
<CreateTime>1554868435</CreateTime>
<MsgType><![CDATA[event]]></MsgType>
<Event><![CDATA[subscribe]]></Event>
<EventKey><![CDATA[]]></EventKey>
</xml>
2019-04-10 12:00:20<xml><ToUserName><![CDATA[gh_c5cc62e6fb85]]></ToUserName>
<FromUserName><![CDATA[o4ekM6MX0DCu_8fmTXaECirRFjjc]]></FromUserName>
<CreateTime>1554868820</CreateTime>
<MsgType><![CDATA[event]]></MsgType>
<Event><![CDATA[unsubscribe]]></Event>
<EventKey><![CDATA[]]></EventKey>
</xml>
2019-04-10 12:00:29<xml><ToUserName><![CDATA[gh_c5cc62e6fb85]]></ToUserName>
<FromUserName><![CDATA[o4ekM6MX0DCu_8fmTXaECirRFjjc]]></FromUserName>
<CreateTime>1554868829</CreateTime>
<MsgType><![CDATA[event]]></MsgType>
<Event><![CDATA[subscribe]]></Event>
<EventKey><![CDATA[]]></EventKey>
</xml>
2019-04-10 12:01:21<xml>
<ToUserName><![CDATA[gh_c5cc62e6fb85]]></ToUserName>
<FromUserName><![CDATA[o4ekM6MX0DCu_8fmTXaECirRFjjc]]></FromUserName>
<CreateTime>1554868435</CreateTime>
<MsgType><![CDATA[event]]></MsgType>
<Event><![CDATA[subscribe]]></Event>
<EventKey><![CDATA[]]></EventKey>
</xml>
2019-04-10 12:01:49<xml>
<ToUserName><![CDATA[gh_c5cc62e6fb85]]></ToUserName>
<FromUserName><![CDATA[o4ekM6MX0DCu_8fmTXaECirRFjjc]]></FromUserName>
<CreateTime>1554868435</CreateTime>
<MsgType><![CDATA[event]]></MsgType>
<Event><![CDATA[subscribe]]></Event>
<EventKey><![CDATA[]]></EventKey>
</xml>
2019-04-10 12:02:18<xml>
<ToUserName><![CDATA[gh_c5cc62e6fb85]]></ToUserName>
<FromUserName><![CDATA[o4ekM6MX0DCu_8fmTXaECirRFjjc]]></FromUserName>
<CreateTime>1554868435</CreateTime>
<MsgType><![CDATA[event]]></MsgType>
<Event><![CDATA[subscribe]]></Event>
<EventKey><![CDATA[]]></EventKey>
</xml>
2019-04-10 13:44:00<xml>
<ToUserName><![CDATA[gh_c5cc62e6fb85]]></ToUserName>
<FromUserName><![CDATA[o4ekM6MX0DCu_8fmTXaECirRFjjc]]></FromUserName>
<CreateTime>1554868435</CreateTime>
<MsgType><![CDATA[event]]></MsgType>
<Event><![CDATA[subscribe]]></Event>
<EventKey><![CDATA[]]></EventKey>
</xml>
2019-04-10 13:54:52<xml>
<ToUserName><![CDATA[gh_c5cc62e6fb85]]></ToUserName>
<FromUserName><![CDATA[o4ekM6MX0DCu_8fmTXaECirRFjjc]]></FromUserName>
<CreateTime>1554868435</CreateTime>
<MsgType><![CDATA[event]]></MsgType>
<Event><![CDATA[subscribe]]></Event>
<EventKey><![CDATA[]]></EventKey>
</xml>
2019-04-10 13:59:19<xml>
<ToUserName><![CDATA[gh_c5cc62e6fb85]]></ToUserName>
<FromUserName><![CDATA[o4ekM6MX0DCu_8fmTXaECirRFjjc]]></FromUserName>
<CreateTime>1554868435</CreateTime>
<MsgType><![CDATA[event]]></MsgType>
<Event><![CDATA[subscribe]]></Event>
<EventKey><![CDATA[]]></EventKey>
</xml>
2019-04-10 14:01:48<xml>
<ToUserName><![CDATA[gh_c5cc62e6fb85]]></ToUserName>
<FromUserName><![CDATA[o4ekM6MX0DCu_8fmTXaECirRFjjc]]></FromUserName>
<CreateTime>1554868435</CreateTime>
<MsgType><![CDATA[event]]></MsgType>
<Event><![CDATA[subscribe]]></Event>
<EventKey><![CDATA[]]></EventKey>
</xml>
2019-04-10 14:03:30<xml>
<ToUserName><![CDATA[gh_c5cc62e6fb85]]></ToUserName>
<FromUserName><![CDATA[o4ekM6MX0DCu_8fmTXaECirRFjjc]]></FromUserName>
<CreateTime>1554868435</CreateTime>
<MsgType><![CDATA[event]]></MsgType>
<Event><![CDATA[subscribe]]></Event>
<EventKey><![CDATA[]]></EventKey>
</xml>
2019-04-10 14:04:19<xml>
<ToUserName><![CDATA[gh_c5cc62e6fb85]]></ToUserName>
<FromUserName><![CDATA[o4ekM6MX0DCu_8fmTXaECirRFjjc]]></FromUserName>
<CreateTime>1554868435</CreateTime>
<MsgType><![CDATA[event]]></MsgType>
<Event><![CDATA[subscribe]]></Event>
<EventKey><![CDATA[]]></EventKey>
</xml>
2019-04-10 14:04:33<xml>
<ToUserName><![CDATA[gh_c5cc62e6fb85]]></ToUserName>
<FromUserName><![CDATA[o4ekM6MX0DCu_8fmTXaECirRFjjc]]></FromUserName>
<CreateTime>1554868435</CreateTime>
<MsgType><![CDATA[event]]></MsgType>
<Event><![CDATA[subscribe]]></Event>
<EventKey><![CDATA[]]></EventKey>
</xml>
2019-04-10 14:07:12<xml><ToUserName><![CDATA[gh_c5cc62e6fb85]]></ToUserName>
<FromUserName><![CDATA[o4ekM6MX0DCu_8fmTXaECirRFjjc]]></FromUserName>
<CreateTime>1554876432</CreateTime>
<MsgType><![CDATA[event]]></MsgType>
<Event><![CDATA[unsubscribe]]></Event>
<EventKey><![CDATA[]]></EventKey>
</xml>
2019-04-10 14:07:23<xml><ToUserName><![CDATA[gh_c5cc62e6fb85]]></ToUserName>
<FromUserName><![CDATA[o4ekM6MX0DCu_8fmTXaECirRFjjc]]></FromUserName>
<CreateTime>1554876442</CreateTime>
<MsgType><![CDATA[event]]></MsgType>
<Event><![CDATA[subscribe]]></Event>
<EventKey><![CDATA[]]></EventKey>
</xml>
2019-04-10 14:08:57<xml><ToUserName><![CDATA[gh_c5cc62e6fb85]]></ToUserName>
<FromUserName><![CDATA[o4ekM6MX0DCu_8fmTXaECirRFjjc]]></FromUserName>
<CreateTime>1554876442</CreateTime>
<MsgType><![CDATA[event]]></MsgType>
<Event><![CDATA[subscribe]]></Event>
<EventKey><![CDATA[]]></EventKey>
</xml>

2019-04-10 14:10:31<xml><ToUserName><![CDATA[gh_c5cc62e6fb85]]></ToUserName>
<FromUserName><![CDATA[o4ekM6MX0DCu_8fmTXaECirRFjjc]]></FromUserName>
<CreateTime>1554876442</CreateTime>
<MsgType><![CDATA[event]]></MsgType>
<Event><![CDATA[subscribe]]></Event>
<EventKey><![CDATA[]]></EventKey>
</xml>

2019-04-10 14:14:52<xml><ToUserName><![CDATA[gh_c5cc62e6fb85]]></ToUserName>
<FromUserName><![CDATA[o4ekM6MX0DCu_8fmTXaECirRFjjc]]></FromUserName>
<CreateTime>1554876442</CreateTime>
<MsgType><![CDATA[event]]></MsgType>
<Event><![CDATA[subscribe]]></Event>
<EventKey><![CDATA[]]></EventKey>
</xml>

2019-04-10 14:17:55<xml><ToUserName><![CDATA[gh_c5cc62e6fb85]]></ToUserName>
<FromUserName><![CDATA[o4ekM6MX0DCu_8fmTXaECirRFjjc]]></FromUserName>
<CreateTime>1554877074</CreateTime>
<MsgType><![CDATA[event]]></MsgType>
<Event><![CDATA[unsubscribe]]></Event>
<EventKey><![CDATA[]]></EventKey>
</xml>
2019-04-10 14:18:22<xml><ToUserName><![CDATA[gh_c5cc62e6fb85]]></ToUserName>
<FromUserName><![CDATA[o4ekM6MX0DCu_8fmTXaECirRFjjc]]></FromUserName>
<CreateTime>1554877101</CreateTime>
<MsgType><![CDATA[event]]></MsgType>
<Event><![CDATA[subscribe]]></Event>
<EventKey><![CDATA[]]></EventKey>
</xml>
2019-04-10 14:18:42<xml><ToUserName><![CDATA[gh_c5cc62e6fb85]]></ToUserName>
<FromUserName><![CDATA[o4ekM6MX0DCu_8fmTXaECirRFjjc]]></FromUserName>
<CreateTime>1554877101</CreateTime>
<MsgType><![CDATA[event]]></MsgType>
<Event><![CDATA[subscribe]]></Event>
<EventKey><![CDATA[]]></EventKey>
</xml>

2019-04-10 14:19:52<xml><ToUserName><![CDATA[gh_c5cc62e6fb85]]></ToUserName>
<FromUserName><![CDATA[o4ekM6MX0DCu_8fmTXaECirRFjjc]]></FromUserName>
<CreateTime>1554877101</CreateTime>
<MsgType><![CDATA[event]]></MsgType>
<Event><![CDATA[subscribe]]></Event>
<EventKey><![CDATA[]]></EventKey>
</xml>

2019-04-10 14:24:03<xml><ToUserName><![CDATA[gh_c5cc62e6fb85]]></ToUserName>
<FromUserName><![CDATA[o4ekM6MX0DCu_8fmTXaECirRFjjc]]></FromUserName>
<CreateTime>1554877101</CreateTime>
<MsgType><![CDATA[event]]></MsgType>
<Event><![CDATA[subscribe]]></Event>
<EventKey><![CDATA[]]></EventKey>
</xml>

2019-04-10 14:25:26<xml><ToUserName><![CDATA[gh_c5cc62e6fb85]]></ToUserName>
<FromUserName><![CDATA[o4ekM6MX0DCu_8fmTXaECirRFjjc]]></FromUserName>
<CreateTime>1554877101</CreateTime>
<MsgType><![CDATA[event]]></MsgType>
<Event><![CDATA[subscribe]]></Event>
<EventKey><![CDATA[]]></EventKey>
</xml>

2019-04-10 14:25:40<xml><ToUserName><![CDATA[gh_c5cc62e6fb85]]></ToUserName>
<FromUserName><![CDATA[o4ekM6MX0DCu_8fmTXaECirRFjjc]]></FromUserName>
<CreateTime>1554877101</CreateTime>
<MsgType><![CDATA[event]]></MsgType>
<Event><![CDATA[subscribe]]></Event>
<EventKey><![CDATA[]]></EventKey>
</xml>

2019-04-10 15:11:05<xml><ToUserName><![CDATA[gh_c5cc62e6fb85]]></ToUserName>
<FromUserName><![CDATA[o4ekM6OGBsZGiaWAnqqd3ADbUw84]]></FromUserName>
<CreateTime>1554880265</CreateTime>
<MsgType><![CDATA[text]]></MsgType>
<Content><![CDATA[ã€æ”¶åˆ°ä¸æ”¯æŒçš„æ¶ˆæ¯ç±»åž‹ï¼Œæš‚æ— æ³•æ˜¾ç¤ºã€‘]]></Content>
<MsgId>22260535701837758</MsgId>
</xml>
2019-04-10 15:11:15<xml><ToUserName><![CDATA[gh_c5cc62e6fb85]]></ToUserName>
<FromUserName><![CDATA[o4ekM6OGBsZGiaWAnqqd3ADbUw84]]></FromUserName>
<CreateTime>1554880264</CreateTime>
<MsgType><![CDATA[text]]></MsgType>
<Content><![CDATA[ã€æ”¶åˆ°ä¸æ”¯æŒçš„æ¶ˆæ¯ç±»åž‹ï¼Œæš‚æ— æ³•æ˜¾ç¤ºã€‘]]></Content>
<MsgId>22260534900185221</MsgId>
</xml>
2019-04-10 15:11:15<xml><ToUserName><![CDATA[gh_c5cc62e6fb85]]></ToUserName>
<FromUserName><![CDATA[o4ekM6MX0DCu_8fmTXaECirRFjjc]]></FromUserName>
<CreateTime>1554880265</CreateTime>
<MsgType><![CDATA[text]]></MsgType>
<Content><![CDATA[ã€æ”¶åˆ°ä¸æ”¯æŒçš„æ¶ˆæ¯ç±»åž‹ï¼Œæš‚æ— æ³•æ˜¾ç¤ºã€‘]]></Content>
<MsgId>22260534998736295</MsgId>
</xml>
2019-04-10 15:11:16<xml><ToUserName><![CDATA[gh_c5cc62e6fb85]]></ToUserName>
<FromUserName><![CDATA[o4ekM6OGBsZGiaWAnqqd3ADbUw84]]></FromUserName>
<CreateTime>1554880266</CreateTime>
<MsgType><![CDATA[text]]></MsgType>
<Content><![CDATA[ã€æ”¶åˆ°ä¸æ”¯æŒçš„æ¶ˆæ¯ç±»åž‹ï¼Œæš‚æ— æ³•æ˜¾ç¤ºã€‘]]></Content>
<MsgId>22260532116121037</MsgId>
</xml>
2019-04-10 15:11:17<xml><ToUserName><![CDATA[gh_c5cc62e6fb85]]></ToUserName>
<FromUserName><![CDATA[o4ekM6OGBsZGiaWAnqqd3ADbUw84]]></FromUserName>
<CreateTime>1554880267</CreateTime>
<MsgType><![CDATA[text]]></MsgType>
<Content><![CDATA[ã€æ”¶åˆ°ä¸æ”¯æŒçš„æ¶ˆæ¯ç±»åž‹ï¼Œæš‚æ— æ³•æ˜¾ç¤ºã€‘]]></Content>
<MsgId>22260533568499210</MsgId>
</xml>
2019-04-10 15:17:04<xml><ToUserName><![CDATA[gh_c5cc62e6fb85]]></ToUserName>
<FromUserName><![CDATA[o4ekM6MX0DCu_8fmTXaECirRFjjc]]></FromUserName>
<CreateTime>1554880624</CreateTime>
<MsgType><![CDATA[text]]></MsgType>
<Content><![CDATA[ã€æ”¶åˆ°ä¸æ”¯æŒçš„æ¶ˆæ¯ç±»åž‹ï¼Œæš‚æ— æ³•æ˜¾ç¤ºã€‘]]></Content>
<MsgId>22260537117208795</MsgId>
</xml>
2019-04-10 15:17:32<xml><ToUserName><![CDATA[gh_c5cc62e6fb85]]></ToUserName>
<FromUserName><![CDATA[o4ekM6MX0DCu_8fmTXaECirRFjjc]]></FromUserName>
<CreateTime>1554880652</CreateTime>
<MsgType><![CDATA[text]]></MsgType>
<Content><![CDATA[æ–‡è‰ºå§”å‘˜]]></Content>
<MsgId>22260538201684667</MsgId>
</xml>
2019-04-10 16:12:22<xml><ToUserName><![CDATA[gh_c5cc62e6fb85]]></ToUserName>
<FromUserName><![CDATA[o4ekM6MX0DCu_8fmTXaECirRFjjc]]></FromUserName>
<CreateTime>1554883941</CreateTime>
<MsgType><![CDATA[event]]></MsgType>
<Event><![CDATA[subscribe]]></Event>
<EventKey><![CDATA[]]></EventKey>
</xml>
2019-04-10 16:15:47<xml><ToUserName><![CDATA[gh_c5cc62e6fb85]]></ToUserName>
<FromUserName><![CDATA[o4ekM6MX0DCu_8fmTXaECirRFjjc]]></FromUserName>
<CreateTime>1554883941</CreateTime>
<MsgType><![CDATA[event]]></MsgType>
<Event><![CDATA[subscribe]]></Event>
<EventKey><![CDATA[]]></EventKey>
</xml>

2019-04-10 16:24:56<xml><ToUserName><![CDATA[gh_c5cc62e6fb85]]></ToUserName>
<FromUserName><![CDATA[o4ekM6MX0DCu_8fmTXaECirRFjjc]]></FromUserName>
<CreateTime>1554883941</CreateTime>
<MsgType><![CDATA[event]]></MsgType>
<Event><![CDATA[subscribe]]></Event>
<EventKey><![CDATA[]]></EventKey>
</xml>

2019-04-10 16:28:28<xml><ToUserName><![CDATA[gh_c5cc62e6fb85]]></ToUserName>
<FromUserName><![CDATA[o4ekM6MX0DCu_8fmTXaECirRFjjc]]></FromUserName>
<CreateTime>1554883941</CreateTime>
<MsgType><![CDATA[event]]></MsgType>
<Event><![CDATA[subscribe]]></Event>
<EventKey><![CDATA[]]></EventKey>
</xml>

2019-04-10 16:28:54<xml><ToUserName><![CDATA[gh_c5cc62e6fb85]]></ToUserName>
<FromUserName><![CDATA[o4ekM6MX0DCu_8fmTXaECirRFjjc]]></FromUserName>
<CreateTime>1554883941</CreateTime>
<MsgType><![CDATA[event]]></MsgType>
<Event><![CDATA[subscribe]]></Event>
<EventKey><![CDATA[]]></EventKey>
</xml>

2019-04-10 16:30:39<xml><ToUserName><![CDATA[gh_c5cc62e6fb85]]></ToUserName>
<FromUserName><![CDATA[o4ekM6MX0DCu_8fmTXaECirRFjjc]]></FromUserName>
<CreateTime>1554883941</CreateTime>
<MsgType><![CDATA[event]]></MsgType>
<Event><![CDATA[subscribe]]></Event>
<EventKey><![CDATA[]]></EventKey>
</xml>

2019-04-10 16:33:48<xml><ToUserName><![CDATA[gh_c5cc62e6fb85]]></ToUserName>
<FromUserName><![CDATA[o4ekM6MX0DCu_8fmTXaECirRFjjc]]></FromUserName>
<CreateTime>1554883941</CreateTime>
<MsgType><![CDATA[event]]></MsgType>
<Event><![CDATA[subscribe]]></Event>
<EventKey><![CDATA[]]></EventKey>
</xml>

2019-04-10 16:34:34<xml><ToUserName><![CDATA[gh_c5cc62e6fb85]]></ToUserName>
<FromUserName><![CDATA[o4ekM6MX0DCu_8fmTXaECirRFjjc]]></FromUserName>
<CreateTime>1554883941</CreateTime>
<MsgType><![CDATA[event]]></MsgType>
<Event><![CDATA[subscribe]]></Event>
<EventKey><![CDATA[]]></EventKey>
</xml>

2019-04-10 16:35:52<xml><ToUserName><![CDATA[gh_c5cc62e6fb85]]></ToUserName>
<FromUserName><![CDATA[o4ekM6MX0DCu_8fmTXaECirRFjjc]]></FromUserName>
<CreateTime>1554883941</CreateTime>
<MsgType><![CDATA[event]]></MsgType>
<Event><![CDATA[subscribe]]></Event>
<EventKey><![CDATA[]]></EventKey>
</xml>

2019-04-10 16:36:55<xml><ToUserName><![CDATA[gh_c5cc62e6fb85]]></ToUserName>
<FromUserName><![CDATA[o4ekM6MX0DCu_8fmTXaECirRFjjc]]></FromUserName>
<CreateTime>1554883941</CreateTime>
<MsgType><![CDATA[event]]></MsgType>
<Event><![CDATA[subscribe]]></Event>
<EventKey><![CDATA[]]></EventKey>
</xml>

2019-04-10 16:42:50<xml><ToUserName><![CDATA[gh_c5cc62e6fb85]]></ToUserName>
<FromUserName><![CDATA[o4ekM6MX0DCu_8fmTXaECirRFjjc]]></FromUserName>
<CreateTime>1554883941</CreateTime>
<MsgType><![CDATA[event]]></MsgType>
<Event><![CDATA[subscribe]]></Event>
<EventKey><![CDATA[]]></EventKey>
</xml>

2019-04-10 16:43:10<xml><ToUserName><![CDATA[gh_c5cc62e6fb85]]></ToUserName>
<FromUserName><![CDATA[o4ekM6MX0DCu_8fmTXaECirRFjjc]]></FromUserName>
<CreateTime>1554883941</CreateTime>
<MsgType><![CDATA[event]]></MsgType>
<Event><![CDATA[subscribe]]></Event>
<EventKey><![CDATA[]]></EventKey>
</xml>

2019-04-10 16:43:53<xml><ToUserName><![CDATA[gh_c5cc62e6fb85]]></ToUserName>
<FromUserName><![CDATA[o4ekM6MX0DCu_8fmTXaECirRFjjc]]></FromUserName>
<CreateTime>1554883941</CreateTime>
<MsgType><![CDATA[event]]></MsgType>
<Event><![CDATA[subscribe]]></Event>
<EventKey><![CDATA[]]></EventKey>
</xml>

2019-04-10 16:44:02<xml><ToUserName><![CDATA[gh_c5cc62e6fb85]]></ToUserName>
<FromUserName><![CDATA[o4ekM6MX0DCu_8fmTXaECirRFjjc]]></FromUserName>
<CreateTime>1554883941</CreateTime>
<MsgType><![CDATA[event]]></MsgType>
<Event><![CDATA[subscribe]]></Event>
<EventKey><![CDATA[]]></EventKey>
</xml>

2019-04-10 16:45:05<xml><ToUserName><![CDATA[gh_c5cc62e6fb85]]></ToUserName>
<FromUserName><![CDATA[o4ekM6MX0DCu_8fmTXaECirRFjjc]]></FromUserName>
<CreateTime>1554883941</CreateTime>
<MsgType><![CDATA[event]]></MsgType>
<Event><![CDATA[subscribe]]></Event>
<EventKey><![CDATA[]]></EventKey>
</xml>

2019-04-10 16:47:37<xml><ToUserName><![CDATA[gh_c5cc62e6fb85]]></ToUserName>
<FromUserName><![CDATA[o4ekM6MX0DCu_8fmTXaECirRFjjc]]></FromUserName>
<CreateTime>1554883941</CreateTime>
<MsgType><![CDATA[event]]></MsgType>
<Event><![CDATA[subscribe]]></Event>
<EventKey><![CDATA[]]></EventKey>
</xml>

2019-04-10 16:51:03<xml><ToUserName><![CDATA[gh_c5cc62e6fb85]]></ToUserName>
<FromUserName><![CDATA[o4ekM6MX0DCu_8fmTXaECirRFjjc]]></FromUserName>
<CreateTime>1554883941</CreateTime>
<MsgType><![CDATA[event]]></MsgType>
<Event><![CDATA[subscribe]]></Event>
<EventKey><![CDATA[]]></EventKey>
</xml>

2019-04-10 16:51:53<xml><ToUserName><![CDATA[gh_c5cc62e6fb85]]></ToUserName>
<FromUserName><![CDATA[o4ekM6MX0DCu_8fmTXaECirRFjjc]]></FromUserName>
<CreateTime>1554883941</CreateTime>
<MsgType><![CDATA[event]]></MsgType>
<Event><![CDATA[subscribe]]></Event>
<EventKey><![CDATA[]]></EventKey>
</xml>

2019-04-10 16:52:07<xml><ToUserName><![CDATA[gh_c5cc62e6fb85]]></ToUserName>
<FromUserName><![CDATA[o4ekM6MX0DCu_8fmTXaECirRFjjc]]></FromUserName>
<CreateTime>1554883941</CreateTime>
<MsgType><![CDATA[event]]></MsgType>
<Event><![CDATA[subscribe]]></Event>
<EventKey><![CDATA[]]></EventKey>
</xml>

2019-04-10 16:57:29<xml><ToUserName><![CDATA[gh_c5cc62e6fb85]]></ToUserName>
<FromUserName><![CDATA[o4ekM6MX0DCu_8fmTXaECirRFjjc]]></FromUserName>
<CreateTime>1554886649</CreateTime>
<MsgType><![CDATA[event]]></MsgType>
<Event><![CDATA[subscribe]]></Event>
<EventKey><![CDATA[]]></EventKey>
</xml>
2019-04-10 16:57:30<xml><ToUserName><![CDATA[gh_c5cc62e6fb85]]></ToUserName>
<FromUserName><![CDATA[o4ekM6MX0DCu_8fmTXaECirRFjjc]]></FromUserName>
<CreateTime>1554886649</CreateTime>
<MsgType><![CDATA[event]]></MsgType>
<Event><![CDATA[subscribe]]></Event>
<EventKey><![CDATA[]]></EventKey>
</xml>
2019-04-10 17:00:40<xml><ToUserName><![CDATA[gh_c5cc62e6fb85]]></ToUserName>
<FromUserName><![CDATA[o4ekM6MX0DCu_8fmTXaECirRFjjc]]></FromUserName>
<CreateTime>1554883941</CreateTime>
<MsgType><![CDATA[event]]></MsgType>
<Event><![CDATA[subscribe]]></Event>
<EventKey><![CDATA[]]></EventKey>
</xml>

2019-04-10 17:02:09<xml><ToUserName><![CDATA[gh_c5cc62e6fb85]]></ToUserName>
<FromUserName><![CDATA[o4ekM6MX0DCu_8fmTXaECirRFjjc]]></FromUserName>
<CreateTime>1554886929</CreateTime>
<MsgType><![CDATA[event]]></MsgType>
<Event><![CDATA[unsubscribe]]></Event>
<EventKey><![CDATA[]]></EventKey>
</xml>
2019-04-10 17:02:16<xml><ToUserName><![CDATA[gh_c5cc62e6fb85]]></ToUserName>
<FromUserName><![CDATA[o4ekM6MX0DCu_8fmTXaECirRFjjc]]></FromUserName>
<CreateTime>1554886936</CreateTime>
<MsgType><![CDATA[event]]></MsgType>
<Event><![CDATA[subscribe]]></Event>
<EventKey><![CDATA[]]></EventKey>
</xml>
2019-04-10 17:02:37<xml><ToUserName><![CDATA[gh_c5cc62e6fb85]]></ToUserName>
<FromUserName><![CDATA[o4ekM6MX0DCu_8fmTXaECirRFjjc]]></FromUserName>
<CreateTime>1554886956</CreateTime>
<MsgType><![CDATA[text]]></MsgType>
<Content><![CDATA[ðŸ˜ƒ ]]></Content>
<MsgId>22260628585697349</MsgId>
</xml>
2019-04-10 17:04:44<xml><ToUserName><![CDATA[gh_c5cc62e6fb85]]></ToUserName>
<FromUserName><![CDATA[o4ekM6MX0DCu_8fmTXaECirRFjjc]]></FromUserName>
<CreateTime>1554887084</CreateTime>
<MsgType><![CDATA[event]]></MsgType>
<Event><![CDATA[unsubscribe]]></Event>
<EventKey><![CDATA[]]></EventKey>
</xml>
2019-04-10 17:04:50<xml><ToUserName><![CDATA[gh_c5cc62e6fb85]]></ToUserName>
<FromUserName><![CDATA[o4ekM6MX0DCu_8fmTXaECirRFjjc]]></FromUserName>
<CreateTime>1554887090</CreateTime>
<MsgType><![CDATA[event]]></MsgType>
<Event><![CDATA[subscribe]]></Event>
<EventKey><![CDATA[]]></EventKey>
</xml>
2019-04-10 17:04:51<xml><ToUserName><![CDATA[gh_c5cc62e6fb85]]></ToUserName>
<FromUserName><![CDATA[o4ekM6MX0DCu_8fmTXaECirRFjjc]]></FromUserName>
<CreateTime>1554887090</CreateTime>
<MsgType><![CDATA[event]]></MsgType>
<Event><![CDATA[subscribe]]></Event>
<EventKey><![CDATA[]]></EventKey>
</xml>
2019-04-10 17:05:04<xml><ToUserName><![CDATA[gh_c5cc62e6fb85]]></ToUserName>
<FromUserName><![CDATA[o4ekM6MX0DCu_8fmTXaECirRFjjc]]></FromUserName>
<CreateTime>1554887104</CreateTime>
<MsgType><![CDATA[event]]></MsgType>
<Event><![CDATA[unsubscribe]]></Event>
<EventKey><![CDATA[]]></EventKey>
</xml>
2019-04-10 17:05:20<xml><ToUserName><![CDATA[gh_c5cc62e6fb85]]></ToUserName>
<FromUserName><![CDATA[o4ekM6MX0DCu_8fmTXaECirRFjjc]]></FromUserName>
<CreateTime>1554887120</CreateTime>
<MsgType><![CDATA[event]]></MsgType>
<Event><![CDATA[subscribe]]></Event>
<EventKey><![CDATA[]]></EventKey>
</xml>
2019-04-10 17:08:34<xml><ToUserName><![CDATA[gh_c5cc62e6fb85]]></ToUserName>
<FromUserName><![CDATA[o4ekM6MX0DCu_8fmTXaECirRFjjc]]></FromUserName>
<CreateTime>1554887314</CreateTime>
<MsgType><![CDATA[event]]></MsgType>
<Event><![CDATA[unsubscribe]]></Event>
<EventKey><![CDATA[]]></EventKey>
</xml>
2019-04-10 17:08:41<xml><ToUserName><![CDATA[gh_c5cc62e6fb85]]></ToUserName>
<FromUserName><![CDATA[o4ekM6MX0DCu_8fmTXaECirRFjjc]]></FromUserName>
<CreateTime>1554887320</CreateTime>
<MsgType><![CDATA[event]]></MsgType>
<Event><![CDATA[subscribe]]></Event>
<EventKey><![CDATA[]]></EventKey>
</xml>
2019-04-10 17:52:45
2019-04-10 17:53:58
2019-04-10 18:36:49<xml><ToUserName><![CDATA[gh_c5cc62e6fb85]]></ToUserName>
<FromUserName><![CDATA[o4ekM6MX0DCu_8fmTXaECirRFjjc]]></FromUserName>
<CreateTime>1554892609</CreateTime>
<MsgType><![CDATA[event]]></MsgType>
<Event><![CDATA[unsubscribe]]></Event>
<EventKey><![CDATA[]]></EventKey>
</xml>
2019-04-10 18:37:18<xml><ToUserName><![CDATA[gh_c5cc62e6fb85]]></ToUserName>
<FromUserName><![CDATA[o4ekM6MX0DCu_8fmTXaECirRFjjc]]></FromUserName>
<CreateTime>1554892638</CreateTime>
<MsgType><![CDATA[event]]></MsgType>
<Event><![CDATA[subscribe]]></Event>
<EventKey><![CDATA[]]></EventKey>
</xml>
2019-04-10 18:37:35<xml><ToUserName><![CDATA[gh_c5cc62e6fb85]]></ToUserName>
<FromUserName><![CDATA[o4ekM6MX0DCu_8fmTXaECirRFjjc]]></FromUserName>
<CreateTime>1554892638</CreateTime>
<MsgType><![CDATA[event]]></MsgType>
<Event><![CDATA[subscribe]]></Event>
<EventKey><![CDATA[]]></EventKey>
</xml>
2019-04-10 18:38:17
2019-04-10 18:38:52
2019-04-10 18:39:38<xml><ToUserName><![CDATA[gh_c5cc62e6fb85]]></ToUserName>
<FromUserName><![CDATA[o4ekM6MX0DCu_8fmTXaECirRFjjc]]></FromUserName>
<CreateTime>1554892778</CreateTime>
<MsgType><![CDATA[event]]></MsgType>
<Event><![CDATA[unsubscribe]]></Event>
<EventKey><![CDATA[]]></EventKey>
</xml>
2019-04-10 18:39:51<xml><ToUserName><![CDATA[gh_c5cc62e6fb85]]></ToUserName>
<FromUserName><![CDATA[o4ekM6MX0DCu_8fmTXaECirRFjjc]]></FromUserName>
<CreateTime>1554892791</CreateTime>
<MsgType><![CDATA[event]]></MsgType>
<Event><![CDATA[subscribe]]></Event>
<EventKey><![CDATA[]]></EventKey>
</xml>
2019-04-10 18:39:52<xml><ToUserName><![CDATA[gh_c5cc62e6fb85]]></ToUserName>
<FromUserName><![CDATA[o4ekM6MX0DCu_8fmTXaECirRFjjc]]></FromUserName>
<CreateTime>1554892791</CreateTime>
<MsgType><![CDATA[event]]></MsgType>
<Event><![CDATA[subscribe]]></Event>
<EventKey><![CDATA[]]></EventKey>
</xml>
2019-04-10 18:40:54<xml><ToUserName><![CDATA[gh_c5cc62e6fb85]]></ToUserName>
<FromUserName><![CDATA[o4ekM6MX0DCu_8fmTXaECirRFjjc]]></FromUserName>
<CreateTime>1554892853</CreateTime>
<MsgType><![CDATA[event]]></MsgType>
<Event><![CDATA[unsubscribe]]></Event>
<EventKey><![CDATA[]]></EventKey>
</xml>
2019-04-10 18:44:19<xml><ToUserName><![CDATA[gh_c5cc62e6fb85]]></ToUserName>
<FromUserName><![CDATA[o4ekM6MX0DCu_8fmTXaECirRFjjc]]></FromUserName>
<CreateTime>1554893059</CreateTime>
<MsgType><![CDATA[event]]></MsgType>
<Event><![CDATA[subscribe]]></Event>
<EventKey><![CDATA[]]></EventKey>
</xml>
2019-04-10 18:45:04<xml><ToUserName><![CDATA[gh_c5cc62e6fb85]]></ToUserName>
<FromUserName><![CDATA[o4ekM6MX0DCu_8fmTXaECirRFjjc]]></FromUserName>
<CreateTime>1554893104</CreateTime>
<MsgType><![CDATA[event]]></MsgType>
<Event><![CDATA[unsubscribe]]></Event>
<EventKey><![CDATA[]]></EventKey>
</xml>
2019-04-10 18:45:10<xml><ToUserName><![CDATA[gh_c5cc62e6fb85]]></ToUserName>
<FromUserName><![CDATA[o4ekM6MX0DCu_8fmTXaECirRFjjc]]></FromUserName>
<CreateTime>1554893110</CreateTime>
<MsgType><![CDATA[event]]></MsgType>
<Event><![CDATA[subscribe]]></Event>
<EventKey><![CDATA[]]></EventKey>
</xml>
2019-04-11 14:45:49
